[0.114s] DEBUG:colcon:Command line arguments: ['/usr/bin/colcon', 'build', '--symlink-install']
[0.115s] DEBUG:colcon:Parsed command line arguments: Namespace(log_base=None, log_level=None, verb_name='build', build_base='build', install_base='install', merge_install=False, symlink_install=True, test_result_base=None, continue_on_error=False, executor='parallel', parallel_workers=8, event_handlers=None, ignore_user_meta=False, metas=['./colcon.meta'], base_paths=['.'], packages_ignore=None, packages_ignore_regex=None, paths=None, packages_up_to=None, packages_up_to_regex=None, packages_above=None, packages_above_and_dependencies=None, packages_above_depth=None, packages_select_by_dep=None, packages_skip_by_dep=None, packages_skip_up_to=None, packages_select_build_failed=False, packages_skip_build_finished=False, packages_select_test_failures=False, packages_skip_test_passed=False, packages_select=None, packages_skip=None, packages_select_regex=None, packages_skip_regex=None, packages_start=None, packages_end=None, allow_overriding=[], cmake_args=None, cmake_target=None, cmake_target_skip_unavailable=False, cmake_clean_cache=False, cmake_clean_first=False, cmake_force_configure=False, ament_cmake_args=None, catkin_cmake_args=None, catkin_skip_building_tests=False, mixin_files=None, mixin=None, verb_parser=<colcon_mixin.mixin.mixin_argument.MixinArgumentDecorator object at 0x714e82c841f0>, verb_extension=<colcon_core.verb.build.BuildVerb object at 0x714e82d88940>, main=<bound method BuildVerb.main of <colcon_core.verb.build.BuildVerb object at 0x714e82d88940>>, mixin_verb=('build',))
[0.301s] Level 1:colcon.colcon_core.package_discovery:discover_packages(colcon_meta) check parameters
[0.302s] Level 1:colcon.colcon_core.package_discovery:discover_packages(recursive) check parameters
[0.302s] Level 1:colcon.colcon_core.package_discovery:discover_packages(ignore) check parameters
[0.302s] Level 1:colcon.colcon_core.package_discovery:discover_packages(path) check parameters
[0.302s] Level 1:colcon.colcon_core.package_discovery:discover_packages(colcon_meta) discover
[0.302s] Level 1:colcon.colcon_core.package_discovery:discover_packages(recursive) discover
[0.302s] INFO:colcon.colcon_core.package_discovery:Crawling recursively for packages in '/home/osama/mbs_ws'
[0.302s] Level 1:colcon.colcon_core.package_identification:_identify(.) by extensions ['ignore', 'ignore_ament_install']
[0.302s] Level 1:colcon.colcon_core.package_identification:_identify(.) by extension 'ignore'
[0.302s] Level 1:colcon.colcon_core.package_identification:_identify(.) by extension 'ignore_ament_install'
[0.302s] Level 1:colcon.colcon_core.package_identification:_identify(.) by extensions ['colcon_pkg']
[0.302s] Level 1:colcon.colcon_core.package_identification:_identify(.) by extension 'colcon_pkg'
[0.302s] Level 1:colcon.colcon_core.package_identification:_identify(.) by extensions ['colcon_meta']
[0.302s] Level 1:colcon.colcon_core.package_identification:_identify(.) by extension 'colcon_meta'
[0.302s] Level 1:colcon.colcon_core.package_identification:_identify(.) by extensions ['ros']
[0.302s] Level 1:colcon.colcon_core.package_identification:_identify(.) by extension 'ros'
[0.312s] Level 1:colcon.colcon_core.package_identification:_identify(.) by extensions ['cmake', 'python']
[0.312s] Level 1:colcon.colcon_core.package_identification:_identify(.) by extension 'cmake'
[0.312s] Level 1:colcon.colcon_core.package_identification:_identify(.) by extension 'python'
[0.313s] Level 1:colcon.colcon_core.package_identification:_identify(.) by extensions ['python_setup_py']
[0.313s] Level 1:colcon.colcon_core.package_identification:_identify(.) by extension 'python_setup_py'
[0.313s] Level 1:colcon.colcon_core.package_identification:_identify(build) by extensions ['ignore', 'ignore_ament_install']
[0.313s] Level 1:colcon.colcon_core.package_identification:_identify(build) by extension 'ignore'
[0.313s] Level 1:colcon.colcon_core.package_identification:_identify(build) ignored
[0.313s] Level 1:colcon.colcon_core.package_identification:_identify(install) by extensions ['ignore', 'ignore_ament_install']
[0.313s] Level 1:colcon.colcon_core.package_identification:_identify(install) by extension 'ignore'
[0.313s] Level 1:colcon.colcon_core.package_identification:_identify(install) ignored
[0.313s] Level 1:colcon.colcon_core.package_identification:_identify(log) by extensions ['ignore', 'ignore_ament_install']
[0.313s] Level 1:colcon.colcon_core.package_identification:_identify(log) by extension 'ignore'
[0.313s] Level 1:colcon.colcon_core.package_identification:_identify(log) ignored
[0.313s] Level 1:colcon.colcon_core.package_identification:_identify(src) by extensions ['ignore', 'ignore_ament_install']
[0.313s] Level 1:colcon.colcon_core.package_identification:_identify(src) by extension 'ignore'
[0.313s] Level 1:colcon.colcon_core.package_identification:_identify(src) by extension 'ignore_ament_install'
[0.314s] Level 1:colcon.colcon_core.package_identification:_identify(src) by extensions ['colcon_pkg']
[0.314s] Level 1:colcon.colcon_core.package_identification:_identify(src) by extension 'colcon_pkg'
[0.314s] Level 1:colcon.colcon_core.package_identification:_identify(src) by extensions ['colcon_meta']
[0.314s] Level 1:colcon.colcon_core.package_identification:_identify(src) by extension 'colcon_meta'
[0.314s] Level 1:colcon.colcon_core.package_identification:_identify(src) by extensions ['ros']
[0.314s] Level 1:colcon.colcon_core.package_identification:_identify(src) by extension 'ros'
[0.314s] Level 1:colcon.colcon_core.package_identification:_identify(src) by extensions ['cmake', 'python']
[0.314s] Level 1:colcon.colcon_core.package_identification:_identify(src) by extension 'cmake'
[0.314s] Level 1:colcon.colcon_core.package_identification:_identify(src) by extension 'python'
[0.314s] Level 1:colcon.colcon_core.package_identification:_identify(src) by extensions ['python_setup_py']
[0.314s] Level 1:colcon.colcon_core.package_identification:_identify(src) by extension 'python_setup_py'
[0.314s] Level 1:colcon.colcon_core.package_identification:_identify(src/zed2i_pkg) by extensions ['ignore', 'ignore_ament_install']
[0.314s] Level 1:colcon.colcon_core.package_identification:_identify(src/zed2i_pkg) by extension 'ignore'
[0.314s] Level 1:colcon.colcon_core.package_identification:_identify(src/zed2i_pkg) by extension 'ignore_ament_install'
[0.314s] Level 1:colcon.colcon_core.package_identification:_identify(src/zed2i_pkg) by extensions ['colcon_pkg']
[0.314s] Level 1:colcon.colcon_core.package_identification:_identify(src/zed2i_pkg) by extension 'colcon_pkg'
[0.314s] Level 1:colcon.colcon_core.package_identification:_identify(src/zed2i_pkg) by extensions ['colcon_meta']
[0.314s] Level 1:colcon.colcon_core.package_identification:_identify(src/zed2i_pkg) by extension 'colcon_meta'
[0.314s] Level 1:colcon.colcon_core.package_identification:_identify(src/zed2i_pkg) by extensions ['ros']
[0.314s] Level 1:colcon.colcon_core.package_identification:_identify(src/zed2i_pkg) by extension 'ros'
[0.317s] DEBUG:colcon.colcon_core.package_identification:Package 'src/zed2i_pkg' with type 'ros.ament_python' and name 'zed2i_pkg'
[0.317s] Level 1:colcon.colcon_core.package_discovery:discover_packages(recursive) using defaults
[0.317s] Level 1:colcon.colcon_core.package_discovery:discover_packages(ignore) discover
[0.317s] Level 1:colcon.colcon_core.package_discovery:discover_packages(ignore) using defaults
[0.317s] Level 1:colcon.colcon_core.package_discovery:discover_packages(path) discover
[0.317s] Level 1:colcon.colcon_core.package_discovery:discover_packages(path) using defaults
[0.344s] Level 1:colcon.colcon_core.package_discovery:discover_packages(prefix_path) check parameters
[0.344s] Level 1:colcon.colcon_core.package_discovery:discover_packages(prefix_path) discover
[0.345s] WARNING:colcon.colcon_ros.prefix_path.ament:The path '/home/osama/mbs_ws/install/zed2i_pkg' in the environment variable AMENT_PREFIX_PATH doesn't exist
[0.346s] DEBUG:colcon.colcon_installed_package_information.package_discovery:Found 0 installed packages in /home/osama/mbs_ws/install
[0.347s] DEBUG:colcon.colcon_installed_package_information.package_discovery:Found 4 installed packages in /home/osama/zed2i_ws/install
[0.349s] DEBUG:colcon.colcon_installed_package_information.package_discovery:Found 442 installed packages in /opt/ros/humble
[0.351s] Level 1:colcon.colcon_core.package_discovery:discover_packages(prefix_path) using defaults
[0.411s] Level 5:colcon.colcon_core.verb:set package 'zed2i_pkg' build argument 'cmake_args' from command line to 'None'
[0.411s] Level 5:colcon.colcon_core.verb:set package 'zed2i_pkg' build argument 'cmake_target' from command line to 'None'
[0.412s] Level 5:colcon.colcon_core.verb:set package 'zed2i_pkg' build argument 'cmake_target_skip_unavailable' from command line to 'False'
[0.412s] Level 5:colcon.colcon_core.verb:set package 'zed2i_pkg' build argument 'cmake_clean_cache' from command line to 'False'
[0.412s] Level 5:colcon.colcon_core.verb:set package 'zed2i_pkg' build argument 'cmake_clean_first' from command line to 'False'
[0.412s] Level 5:colcon.colcon_core.verb:set package 'zed2i_pkg' build argument 'cmake_force_configure' from command line to 'False'
[0.412s] Level 5:colcon.colcon_core.verb:set package 'zed2i_pkg' build argument 'ament_cmake_args' from command line to 'None'
[0.412s] Level 5:colcon.colcon_core.verb:set package 'zed2i_pkg' build argument 'catkin_cmake_args' from command line to 'None'
[0.412s] Level 5:colcon.colcon_core.verb:set package 'zed2i_pkg' build argument 'catkin_skip_building_tests' from command line to 'False'
[0.412s] DEBUG:colcon.colcon_core.verb:Building package 'zed2i_pkg' with the following arguments: {'ament_cmake_args': None, 'build_base': '/home/osama/mbs_ws/build/zed2i_pkg', 'catkin_cmake_args': None, 'catkin_skip_building_tests': False, 'cmake_args': None, 'cmake_clean_cache': False, 'cmake_clean_first': False, 'cmake_force_configure': False, 'cmake_target': None, 'cmake_target_skip_unavailable': False, 'install_base': '/home/osama/mbs_ws/install/zed2i_pkg', 'merge_install': False, 'path': '/home/osama/mbs_ws/src/zed2i_pkg', 'symlink_install': True, 'test_result_base': None}
[0.412s] INFO:colcon.colcon_core.executor:Executing jobs using 'parallel' executor
[0.413s] DEBUG:colcon.colcon_parallel_executor.executor.parallel:run_until_complete
[0.414s] INFO:colcon.colcon_ros.task.ament_python.build:Building ROS package in '/home/osama/mbs_ws/src/zed2i_pkg' with build type 'ament_python'
[0.414s] Level 1:colcon.colcon_core.shell:create_environment_hook('zed2i_pkg', 'ament_prefix_path')
[0.416s] INFO:colcon.colcon_core.plugin_system:Skipping extension 'colcon_core.shell.bat': Not used on non-Windows systems
[0.416s] INFO:colcon.colcon_core.shell:Creating environment hook '/home/osama/mbs_ws/install/zed2i_pkg/share/zed2i_pkg/hook/ament_prefix_path.ps1'
[0.417s] INFO:colcon.colcon_core.shell:Creating environment descriptor '/home/osama/mbs_ws/install/zed2i_pkg/share/zed2i_pkg/hook/ament_prefix_path.dsv'
[0.417s] INFO:colcon.colcon_core.shell:Creating environment hook '/home/osama/mbs_ws/install/zed2i_pkg/share/zed2i_pkg/hook/ament_prefix_path.sh'
[0.418s] INFO:colcon.colcon_core.shell:Skip shell extension 'powershell' for command environment: Not usable outside of PowerShell
[0.418s] DEBUG:colcon.colcon_core.shell:Skip shell extension 'dsv' for command environment
[0.730s] INFO:colcon.colcon_core.task.python.build:Building Python package in '/home/osama/mbs_ws/src/zed2i_pkg'
[0.730s] INFO:colcon.colcon_core.shell:Skip shell extension 'powershell' for command environment: Not usable outside of PowerShell
[0.730s] DEBUG:colcon.colcon_core.shell:Skip shell extension 'dsv' for command environment
[1.198s] DEBUG:colcon.colcon_core.event_handler.log_command:Invoking command in '/home/osama/mbs_ws/build/zed2i_pkg': PYTHONPATH=/home/osama/mbs_ws/build/zed2i_pkg/prefix_override:/usr/lib/python3/dist-packages/colcon_core/task/python/colcon_distutils_commands:/home/osama/mbs_ws/install/zed2i_pkg/lib/python3.10/site-packages:${PYTHONPATH} /usr/bin/python3 -W ignore:setup.py install is deprecated setup.py develop --editable --build-directory /home/osama/mbs_ws/build/zed2i_pkg/build --no-deps symlink_data
[1.807s] Level 1:colcon.colcon_core.shell:create_environment_hook('zed2i_pkg', 'pythonpath_develop')
[1.807s] INFO:colcon.colcon_core.shell:Creating environment hook '/home/osama/mbs_ws/build/zed2i_pkg/share/zed2i_pkg/hook/pythonpath_develop.ps1'
[1.808s] DEBUG:colcon.colcon_core.event_handler.log_command:Invoked command in '/home/osama/mbs_ws/build/zed2i_pkg' returned '0': PYTHONPATH=/home/osama/mbs_ws/build/zed2i_pkg/prefix_override:/usr/lib/python3/dist-packages/colcon_core/task/python/colcon_distutils_commands:/home/osama/mbs_ws/install/zed2i_pkg/lib/python3.10/site-packages:${PYTHONPATH} /usr/bin/python3 -W ignore:setup.py install is deprecated setup.py develop --editable --build-directory /home/osama/mbs_ws/build/zed2i_pkg/build --no-deps symlink_data
[1.808s] INFO:colcon.colcon_core.shell:Creating environment descriptor '/home/osama/mbs_ws/build/zed2i_pkg/share/zed2i_pkg/hook/pythonpath_develop.dsv'
[1.808s] INFO:colcon.colcon_core.shell:Creating environment hook '/home/osama/mbs_ws/build/zed2i_pkg/share/zed2i_pkg/hook/pythonpath_develop.sh'
[1.811s] Level 1:colcon.colcon_core.environment:checking '/home/osama/mbs_ws/install/zed2i_pkg' for CMake module files
[1.811s] Level 1:colcon.colcon_core.environment:checking '/home/osama/mbs_ws/install/zed2i_pkg' for CMake config files
[1.812s] Level 1:colcon.colcon_core.environment:checking '/home/osama/mbs_ws/install/zed2i_pkg/lib'
[1.812s] Level 1:colcon.colcon_core.environment:checking '/home/osama/mbs_ws/install/zed2i_pkg/bin'
[1.812s] Level 1:colcon.colcon_core.environment:checking '/home/osama/mbs_ws/install/zed2i_pkg/lib/pkgconfig/zed2i_pkg.pc'
[1.812s] Level 1:colcon.colcon_core.environment:checking '/home/osama/mbs_ws/install/zed2i_pkg/lib/python3.10/site-packages'
[1.812s] Level 1:colcon.colcon_core.shell:create_environment_hook('zed2i_pkg', 'pythonpath')
[1.812s] INFO:colcon.colcon_core.shell:Creating environment hook '/home/osama/mbs_ws/install/zed2i_pkg/share/zed2i_pkg/hook/pythonpath.ps1'
[1.813s] INFO:colcon.colcon_core.shell:Creating environment descriptor '/home/osama/mbs_ws/install/zed2i_pkg/share/zed2i_pkg/hook/pythonpath.dsv'
[1.813s] INFO:colcon.colcon_core.shell:Creating environment hook '/home/osama/mbs_ws/install/zed2i_pkg/share/zed2i_pkg/hook/pythonpath.sh'
[1.813s] Level 1:colcon.colcon_core.environment:checking '/home/osama/mbs_ws/install/zed2i_pkg/bin'
[1.813s] Level 1:colcon.colcon_core.environment:create_environment_scripts_only(zed2i_pkg)
[1.814s] INFO:colcon.colcon_core.shell:Creating package script '/home/osama/mbs_ws/install/zed2i_pkg/share/zed2i_pkg/package.ps1'
[1.814s] INFO:colcon.colcon_core.shell:Creating package descriptor '/home/osama/mbs_ws/install/zed2i_pkg/share/zed2i_pkg/package.dsv'
[1.815s] INFO:colcon.colcon_core.shell:Creating package script '/home/osama/mbs_ws/install/zed2i_pkg/share/zed2i_pkg/package.sh'
[1.816s] INFO:colcon.colcon_core.shell:Creating package script '/home/osama/mbs_ws/install/zed2i_pkg/share/zed2i_pkg/package.bash'
[1.816s] INFO:colcon.colcon_core.shell:Creating package script '/home/osama/mbs_ws/install/zed2i_pkg/share/zed2i_pkg/package.zsh'
[1.817s] Level 1:colcon.colcon_core.environment:create_file_with_runtime_dependencies(/home/osama/mbs_ws/install/zed2i_pkg/share/colcon-core/packages/zed2i_pkg)
[1.818s] DEBUG:colcon.colcon_parallel_executor.executor.parallel:closing loop
[1.818s] DEBUG:colcon.colcon_parallel_executor.executor.parallel:loop closed
[1.818s] DEBUG:colcon.colcon_parallel_executor.executor.parallel:run_until_complete finished with '0'
[1.818s] DEBUG:colcon.colcon_core.event_reactor:joining thread
[1.824s] INFO:colcon.colcon_core.plugin_system:Skipping extension 'colcon_notification.desktop_notification.terminal_notifier': Not used on non-Darwin systems
[1.824s] INFO:colcon.colcon_core.plugin_system:Skipping extension 'colcon_notification.desktop_notification.win32': Not used on non-Windows systems
[1.824s] INFO:colcon.colcon_notification.desktop_notification:Sending desktop notification using 'notify2'
[1.836s] DEBUG:colcon.colcon_core.event_reactor:joined thread
[1.837s] INFO:colcon.colcon_core.shell:Creating prefix script '/home/osama/mbs_ws/install/local_setup.ps1'
[1.838s] INFO:colcon.colcon_core.shell:Creating prefix util module '/home/osama/mbs_ws/install/_local_setup_util_ps1.py'
[1.840s] INFO:colcon.colcon_core.shell:Creating prefix chain script '/home/osama/mbs_ws/install/setup.ps1'
[1.842s] INFO:colcon.colcon_core.shell:Creating prefix script '/home/osama/mbs_ws/install/local_setup.sh'
[1.843s] INFO:colcon.colcon_core.shell:Creating prefix util module '/home/osama/mbs_ws/install/_local_setup_util_sh.py'
[1.843s] INFO:colcon.colcon_core.shell:Creating prefix chain script '/home/osama/mbs_ws/install/setup.sh'
[1.844s] INFO:colcon.colcon_core.shell:Creating prefix script '/home/osama/mbs_ws/install/local_setup.bash'
[1.845s] INFO:colcon.colcon_core.shell:Creating prefix chain script '/home/osama/mbs_ws/install/setup.bash'
[1.846s] INFO:colcon.colcon_core.shell:Creating prefix script '/home/osama/mbs_ws/install/local_setup.zsh'
[1.847s] INFO:colcon.colcon_core.shell:Creating prefix chain script '/home/osama/mbs_ws/install/setup.zsh'
