running develop
running egg_info
creating zed2i_pkg.egg-info
writing zed2i_pkg.egg-info/PKG-INFO
writing dependency_links to zed2i_pkg.egg-info/dependency_links.txt
writing entry points to zed2i_pkg.egg-info/entry_points.txt
writing requirements to zed2i_pkg.egg-info/requires.txt
writing top-level names to zed2i_pkg.egg-info/top_level.txt
writing manifest file 'zed2i_pkg.egg-info/SOURCES.txt'
reading manifest file 'zed2i_pkg.egg-info/SOURCES.txt'
writing manifest file 'zed2i_pkg.egg-info/SOURCES.txt'
running build_ext
Creating /home/osama/mbs_ws/install/zed2i_pkg/lib/python3.10/site-packages/zed2i-pkg.egg-link (link to .)
Installing my_node script to /home/osama/mbs_ws/install/zed2i_pkg/lib/zed2i_pkg
Installing zed2ii_node script to /home/osama/mbs_ws/install/zed2i_pkg/lib/zed2i_pkg

Installed /home/osama/mbs_ws/build/zed2i_pkg
running symlink_data
creating /home/osama/mbs_ws/install/zed2i_pkg/share/ament_index
creating /home/osama/mbs_ws/install/zed2i_pkg/share/ament_index/resource_index
creating /home/osama/mbs_ws/install/zed2i_pkg/share/ament_index/resource_index/packages
symbolically linking /home/osama/mbs_ws/build/zed2i_pkg/resource/zed2i_pkg -> /home/osama/mbs_ws/install/zed2i_pkg/share/ament_index/resource_index/packages
symbolically linking /home/osama/mbs_ws/build/zed2i_pkg/package.xml -> /home/osama/mbs_ws/install/zed2i_pkg/share/zed2i_pkg
