[0.784s] Invoking command in '/home/osama/mbs_ws/build/zed2i_pkg': PYTHONPATH=/home/osama/mbs_ws/build/zed2i_pkg/prefix_override:/usr/lib/python3/dist-packages/colcon_core/task/python/colcon_distutils_commands:/home/osama/mbs_ws/install/zed2i_pkg/lib/python3.10/site-packages:${PYTHONPATH} /usr/bin/python3 -W ignore:setup.py install is deprecated setup.py develop --editable --build-directory /home/osama/mbs_ws/build/zed2i_pkg/build --no-deps symlink_data
[1.084s] running develop
[1.084s] /usr/lib/python3/dist-packages/setuptools/command/easy_install.py:158: EasyInstallDeprecationWarning: easy_install command is deprecated. Use build and pip and other standards-based tools.
[1.084s]   warnings.warn(
[1.307s] running egg_info
[1.307s] creating zed2i_pkg.egg-info
[1.308s] writing zed2i_pkg.egg-info/PKG-INFO
[1.308s] writing dependency_links to zed2i_pkg.egg-info/dependency_links.txt
[1.308s] writing entry points to zed2i_pkg.egg-info/entry_points.txt
[1.308s] writing requirements to zed2i_pkg.egg-info/requires.txt
[1.309s] writing top-level names to zed2i_pkg.egg-info/top_level.txt
[1.309s] writing manifest file 'zed2i_pkg.egg-info/SOURCES.txt'
[1.312s] reading manifest file 'zed2i_pkg.egg-info/SOURCES.txt'
[1.312s] writing manifest file 'zed2i_pkg.egg-info/SOURCES.txt'
[1.362s] running build_ext
[1.362s] Creating /home/osama/mbs_ws/install/zed2i_pkg/lib/python3.10/site-packages/zed2i-pkg.egg-link (link to .)
[1.363s] Installing my_node script to /home/osama/mbs_ws/install/zed2i_pkg/lib/zed2i_pkg
[1.363s] Installing zed2ii_node script to /home/osama/mbs_ws/install/zed2i_pkg/lib/zed2i_pkg
[1.364s] 
[1.364s] Installed /home/osama/mbs_ws/build/zed2i_pkg
[1.364s] running symlink_data
[1.364s] creating /home/osama/mbs_ws/install/zed2i_pkg/share/ament_index
[1.364s] creating /home/osama/mbs_ws/install/zed2i_pkg/share/ament_index/resource_index
[1.364s] creating /home/osama/mbs_ws/install/zed2i_pkg/share/ament_index/resource_index/packages
[1.364s] symbolically linking /home/osama/mbs_ws/build/zed2i_pkg/resource/zed2i_pkg -> /home/osama/mbs_ws/install/zed2i_pkg/share/ament_index/resource_index/packages
[1.365s] symbolically linking /home/osama/mbs_ws/build/zed2i_pkg/package.xml -> /home/osama/mbs_ws/install/zed2i_pkg/share/zed2i_pkg
[1.393s] Invoked command in '/home/osama/mbs_ws/build/zed2i_pkg' returned '0': PYTHONPATH=/home/osama/mbs_ws/build/zed2i_pkg/prefix_override:/usr/lib/python3/dist-packages/colcon_core/task/python/colcon_distutils_commands:/home/osama/mbs_ws/install/zed2i_pkg/lib/python3.10/site-packages:${PYTHONPATH} /usr/bin/python3 -W ignore:setup.py install is deprecated setup.py develop --editable --build-directory /home/osama/mbs_ws/build/zed2i_pkg/build --no-deps symlink_data
